2021-10-01 00:00:02,928 ERROR p.CustomArrayParser [main] The string is not valid. [1, 0, 0]
2021-10-01 00:00:02,944 ERROR p.CustomArrayParser [main] The string is not valid. [4, 0]
2021-10-01 00:00:02,959 INFO p.CustomArrayParser [main] Valid string found! [7, 8, 9]
2021-10-01 00:00:02,959 INFO r.ReadFromFile [main] Valid array found! [7, 8, 9]
2021-10-01 00:01:41,120 ERROR p.CustomArrayParser [main] The string is not valid. [1, 2z, 3]
2021-10-01 00:01:41,120 ERROR p.CustomArrayParser [main] The string is not valid. [4, 5,6]
2021-10-01 00:01:41,120 INFO p.CustomArrayParser [main] Valid string found! [7, 8, 9]
2021-10-01 00:01:41,120 INFO r.ReadFromFile [main] Valid array found! [7, 8, 9]
2021-10-01 00:04:27,012 ERROR p.CustomArrayParser [main] The string is not valid. [1, 2z, 3]
2021-10-01 00:04:27,027 ERROR p.CustomArrayParser [main] The string is not valid. [4, 5,6]
2021-10-01 00:04:27,027 INFO p.CustomArrayParser [main] Valid string found! [7, 8, 9]
2021-10-01 00:04:27,027 INFO r.ReadFromFile [main] Valid array found! [7, 8, 9]
2021-10-01 00:08:26,864 ERROR p.CustomArrayParser [main] The string is not valid. [5g, 6, 7]
2021-10-01 00:08:26,864 ERROR p.CustomArrayParser [main] The string is not valid. [2d, 1, 7]
2021-10-01 00:08:26,880 ERROR p.CustomArrayParser [main] The string is not valid. [2.., 5, 0]
2021-10-01 00:08:26,880 ERROR r.ReadFromFile [main] No valid arrays found!
2021-10-01 00:09:42,825 ERROR p.CustomArrayParser [main] The string is not valid. [5g, 6, 7]
2021-10-01 00:09:42,872 ERROR p.CustomArrayParser [main] The string is not valid. [2d, 1, 7]
2021-10-01 00:09:42,872 ERROR p.CustomArrayParser [main] The string is not valid. [2.., 5, 0]
2021-10-01 00:09:42,888 ERROR r.ReadFromFile [main] No valid arrays found!
2021-10-01 00:11:16,961 ERROR p.CustomArrayParser [main] The string is not valid. [1, 2z, 3]
2021-10-01 00:11:16,977 ERROR p.CustomArrayParser [main] The string is not valid. [4, 5,6]
2021-10-01 00:11:16,977 INFO p.CustomArrayParser [main] Valid string found! [7, 8, 9]
2021-10-01 00:11:16,977 INFO r.ReadFromFile [main] Valid array found! [7, 8, 9]
2021-10-01 00:11:16,977 ERROR p.CustomArrayParser [main] The string is not valid. [5g, 6, 7]
2021-10-01 00:11:16,977 ERROR p.CustomArrayParser [main] The string is not valid. [2d, 1, 7]
2021-10-01 00:11:16,992 ERROR p.CustomArrayParser [main] The string is not valid. [2.., 5, 0]
2021-10-01 00:11:16,992 ERROR r.ReadFromFile [main] No valid arrays found!
2021-10-01 00:14:02,329 ERROR p.CustomArrayParser [main] The string is not valid. [1, 2z, 3]
2021-10-01 00:14:02,344 ERROR p.CustomArrayParser [main] The string is not valid. [4, 5,6]
2021-10-01 00:14:02,344 INFO p.CustomArrayParser [main] Valid string found! [7, 8, 9]
2021-10-01 00:14:02,344 INFO r.ReadFromFile [main] Valid array found! [7, 8, 9]
2021-10-01 00:14:02,360 ERROR p.CustomArrayParser [main] The string is not valid. [5g, 6, 7]
2021-10-01 00:14:02,360 ERROR p.CustomArrayParser [main] The string is not valid. [2d, 1, 7]
2021-10-01 00:14:02,360 ERROR p.CustomArrayParser [main] The string is not valid. [2.., 5, 0]
2021-10-01 00:14:02,360 ERROR r.ReadFromFile [main] No valid arrays found!
